2025-01-08 09:10:20,373 - 31391b53-83f8-4163-99d9-31f18372dcda - INFO - streamlit - wangys - admin - ログインしました。
2025-01-08 09:10:20,373 - 31391b53-83f8-4163-99d9-31f18372dcda - INFO - 王永盛 - wangys - admin - ログインしました。
2025-01-08 09:10:43,604 - 31391b53-83f8-4163-99d9-31f18372dcda - INFO - ログインしました。
2025-01-08 09:10:43,604 - 31391b53-83f8-4163-99d9-31f18372dcda - INFO - ログインしました。
2025-01-08 09:10:43,604 - 31391b53-83f8-4163-99d9-31f18372dcda - INFO - ログインしました。
2025-01-08 09:10:43,604 - 31391b53-83f8-4163-99d9-31f18372dcda - INFO - ログインしました。
2025-01-08 09:10:43,604 - 31391b53-83f8-4163-99d9-31f18372dcda - INFO - ログインしました。
2025-01-08 09:10:43,604 - 31391b53-83f8-4163-99d9-31f18372dcda - INFO - ログインしました。
2025-01-08 09:10:43,604 - 31391b53-83f8-4163-99d9-31f18372dcda - INFO - streamlit - wangys - admin - ログインしました。
2025-01-08 09:10:43,604 - 31391b53-83f8-4163-99d9-31f18372dcda - INFO - 王永盛 - wangys - admin - ログインしました。
2025-01-08 09:10:43,608 - 31391b53-83f8-4163-99d9-31f18372dcda - INFO - ページ「ユーザー管理」は表示しました。
2025-01-08 09:10:43,608 - 31391b53-83f8-4163-99d9-31f18372dcda - INFO - ページ「ユーザー管理」は表示しました。
2025-01-08 09:10:43,608 - 31391b53-83f8-4163-99d9-31f18372dcda - INFO - ページ「ユーザー管理」は表示しました。
2025-01-08 09:10:43,608 - 31391b53-83f8-4163-99d9-31f18372dcda - INFO - ページ「ユーザー管理」は表示しました。
2025-01-08 09:10:43,608 - 31391b53-83f8-4163-99d9-31f18372dcda - INFO - ページ「ユーザー管理」は表示しました。
2025-01-08 09:10:43,608 - 31391b53-83f8-4163-99d9-31f18372dcda - INFO - ページ「ユーザー管理」は表示しました。
2025-01-08 09:10:43,608 - 31391b53-83f8-4163-99d9-31f18372dcda - INFO - streamlit - wangys - admin - ページ「ユーザー管理」は表示しました。
2025-01-08 09:10:43,608 - 31391b53-83f8-4163-99d9-31f18372dcda - INFO - 王永盛 - wangys - admin - ページ「ユーザー管理」は表示しました。
2025-01-08 09:11:42,546 - e5f94cc5-a89c-4826-b9c5-ce2d6982e850 - INFO - ログインしました。
2025-01-08 09:11:42,546 - e5f94cc5-a89c-4826-b9c5-ce2d6982e850 - INFO - ログインしました。
2025-01-08 09:11:42,546 - e5f94cc5-a89c-4826-b9c5-ce2d6982e850 - INFO - ログインしました。
2025-01-08 09:11:42,546 - e5f94cc5-a89c-4826-b9c5-ce2d6982e850 - INFO - ログインしました。
2025-01-08 09:11:42,546 - e5f94cc5-a89c-4826-b9c5-ce2d6982e850 - INFO - ログインしました。
2025-01-08 09:11:42,546 - e5f94cc5-a89c-4826-b9c5-ce2d6982e850 - INFO - ログインしました。
2025-01-08 09:11:42,546 - e5f94cc5-a89c-4826-b9c5-ce2d6982e850 - INFO - streamlit - wangys - admin - ログインしました。
2025-01-08 09:11:42,546 - e5f94cc5-a89c-4826-b9c5-ce2d6982e850 - INFO - 王永盛 - wangys - admin - ログインしました。
2025-01-08 09:11:42,546 - e5f94cc5-a89c-4826-b9c5-ce2d6982e850 - INFO - 王永盛 - wangys - admin - ログインしました。
2025-01-08 09:12:37,273 - 2da1fa06-2517-435b-8f91-d093e6e68d1d - INFO - ログインしました。
2025-01-08 09:12:37,273 - 2da1fa06-2517-435b-8f91-d093e6e68d1d - INFO - ログインしました。
2025-01-08 09:12:37,273 - 2da1fa06-2517-435b-8f91-d093e6e68d1d - INFO - ログインしました。
2025-01-08 09:12:37,273 - 2da1fa06-2517-435b-8f91-d093e6e68d1d - INFO - ログインしました。
2025-01-08 09:12:37,273 - 2da1fa06-2517-435b-8f91-d093e6e68d1d - INFO - ログインしました。
2025-01-08 09:12:37,273 - 2da1fa06-2517-435b-8f91-d093e6e68d1d - INFO - ログインしました。
2025-03-07 17:12:05,234 - 1287ece5-e3c8-484a-ac8d-4a9b51b62ba2 - INFO - 王永盛 - wangys - admin - ページ「任務一覧」は表示しました。
2025-03-07 17:12:26,953 - 1287ece5-e3c8-484a-ac8d-4a9b51b62ba2 - INFO - 王永盛 - wangys - admin - ページ「ユーザー管理」は表示しました。
2025-03-07 17:12:31,454 - 1287ece5-e3c8-484a-ac8d-4a9b51b62ba2 - INFO - 王永盛 - wangys - admin - ページ「ユーザー管理」は表示しました。
2025-03-07 17:12:33,206 - 1287ece5-e3c8-484a-ac8d-4a9b51b62ba2 - INFO - 王永盛 - wangys - admin - ページ「ユーザー管理」は表示しました。
2025-03-07 17:12:34,523 - 1287ece5-e3c8-484a-ac8d-4a9b51b62ba2 - INFO - 王永盛 - wangys - admin - ページ「ユーザー管理」は表示しました。
2025-03-07 17:12:37,556 - 1287ece5-e3c8-484a-ac8d-4a9b51b62ba2 - INFO - 王永盛 - wangys - admin - ページ「ユーザー管理」は表示しました。
2025-03-07 17:12:38,990 - 1287ece5-e3c8-484a-ac8d-4a9b51b62ba2 - INFO - 王永盛 - wangys - admin - ページ「ユーザー管理」は表示しました。
2025-03-07 17:12:40,993 - 1287ece5-e3c8-484a-ac8d-4a9b51b62ba2 - INFO - 王永盛 - wangys - admin - ページ「ユーザー管理」は表示しました。
2025-03-07 17:12:47,448 - 1287ece5-e3c8-484a-ac8d-4a9b51b62ba2 - INFO - 王永盛 - wangys - admin - ページ「ユーザー管理」は表示しました。
2025-03-07 17:12:49,211 - 1287ece5-e3c8-484a-ac8d-4a9b51b62ba2 - INFO - 王永盛 - wangys - admin - ページ「ユーザー管理」は表示しました。
2025-03-07 17:12:58,936 - 1287ece5-e3c8-484a-ac8d-4a9b51b62ba2 - INFO - 王永盛 - wangys - admin - ページ「任務一覧」は表示しました。
